#----------------------------------------
# JasperGold Version Info
# tool      : JasperGold 2018.06
# platform  : Linux 3.10.0-957.21.3.el7.x86_64
# version   : 2018.06p002 64 bits
# build date: 2018.08.27 18:04:53 PDT
#----------------------------------------
# started Fri Dec 18 13:00:24 GMT 2020
# hostname  : ee-mill3.ee.ic.ac.uk
# pid       : 43392
# arguments : '-label' 'session_0' '-console' 'ee-mill3.ee.ic.ac.uk:33605' '-style' 'windows' '-data' 'AQAAADx/////AAAAAAAAA3oBAAAAEABMAE0AUgBFAE0ATwBWAEU=' '-proj' '/home/tms4517/nfshome/JasperGold/BAUDGEN/jgproject/sessionLogs/session_0' '-init' '-hidden' '/home/tms4517/nfshome/JasperGold/BAUDGEN/jgproject/.tmp/.initCmds.tcl' 'baudgen.tcl'

Any disclosure about the Cadence Design Systems software or its use
model to any third party violates the written Non-Disclosure Agreement
between Cadence Design Systems, Inc. and the customer.

THIS SOFTWARE CONTAINS CONFIDENTIAL INFORMATION AND TRADE SECRETS OF
CADENCE DESIGN SYSTEMS, INC. USE, DISCLOSURE, OR REPRODUCTION IS
PROHIBITED WITHOUT THE PRIOR EXPRESS WRITTEN PERMISSION OF CADENCE
DESIGN SYSTEMS, INC.

Copyright (C) 2000-2018 Cadence Design Systems, Inc. All Rights
Reserved.  Unpublished -- rights reserved under the copyright laws of
the United States.

This product includes software developed by others and redistributed
according to license agreement. See doc/third_party_readme.txt for
further details.

RESTRICTED RIGHTS LEGEND

Use, duplication, or disclosure by the Government is subject to
restrictions as set forth in subparagraph (c) (1) (ii) of the Rights in
Technical Data and Computer Software clause at DFARS 252.227-7013 or
subparagraphs (c) (1) and (2) of Commercial Computer Software -- Restricted
Rights at 48 CFR 52.227-19, as applicable.


                          Cadence Design Systems, Inc. 
                          2655 Seely Avenue
                          San Jose, CA 95134
                          Phone: 408.943.1234

For technical assistance visit http://support.cadence.com.

JasperGold Apps Analysis Session - /home/tms4517/nfshome/JasperGold/BAUDGEN/jgproject/sessionLogs/session_0

INFO: successfully checked out licenses "jasper_pint" and "jasper_fao".
INFO: reading configuration file "/home/tms4517/.config/jasper/jaspergold.conf".
% # Script for multiplier example in JasperGold
% clear -all
INFO (IPF121): Cleared environment completely for new design analysis.
% analyze -clear
% #analyze -sv parity_gen.sv
% analyze -sv baudgen.sv
[-- (VERI-1482)] Analyzing Verilog file '/usr/local/cadence/JASPER_2018.06.002/lib/verilog/packages/std/std.sv' into library 'std'
[-- (VERI-1482)] Analyzing Verilog file 'baudgen.sv'
% #elaborate -bbox_mul 64 -top parity_generator
% elaborate -bbox_mul 64 -top BAUDGEN
INFO (ISW003): Top module name is "BAUDGEN".
[INFO (VERI-1018)] baudgen.sv(37): compiling module 'BAUDGEN'
[WARN (VERI-1060)] baudgen.sv(59): 'initial' construct ignored
[WARN (VERI-1209)] baudgen.sv(76): expression size 32 truncated to fit in target size 4
[WARN (VERI-1209)] baudgen.sv(78): expression size 256 truncated to fit in target size 19
[WARN (VERI-1209)] baudgen.sv(80): expression size 32 truncated to fit in target size 19
[WARN (VERI-1209)] baudgen.sv(110): expression size 32 truncated to fit in target size 19
[INFO (VERI-8005)] baudgen.sv(106): Unintentional Sequential element inferred for counter read before write using blocking assignment
BAUDGEN
[<embedded>] % 
[<embedded>] % # Setup global clocks and resets
[<embedded>] % clock clk
[<embedded>] % #reset -expression !(rst_n)
[<embedded>] % reset -expression !(resetn)
INFO (IPM031): Clearing proof results of all properties.
INFO (IRS006): Current reset condition is "resetn".
[<embedded>] % 
[<embedded>] % # Setup task
[<embedded>] % task -set <embedded>
<embedded>
[<embedded>] % set_proofgrid_max_jobs 4
[<embedded>] % set_proofgrid_max_local_jobs 4
[<embedded>] % 
[<embedded>] % #cover -name test_cover_from_tcl {@(posedge clk) disable iff (!rst_n) done && ab == 10'd35}
[<embedded>] % prove -bg -all
background 0
INFO (IPF036): Starting proof on task: "<embedded>", 3 properties to prove with 0 already proven/unreachable
INFO (IRS029): Starting reset analysis: phase 1 of 4.
INFO (IRS030): Running reset analysis: phase 2 of 4.
INFO (IRS031): Running reset analysis: phase 3 of 4.
INFO (IRS020): Starting the reset analysis simulation with a limit of 100 iterations (phase 4 of 4).
INFO (IRS024): Reset iterations 0 to 3 analyzed.
INFO (IRS018): Reset analysis simulation executed for 2 iterations. Assigned values for 19 of 38 design flops, 0 of 0 design latches, 3 of 3 internal elements.
INFO (IRS039): Reset analysis complete.
INFO (IPF031): Settings used for proof thread 0:
    orchestration                 = on (auto)
    time_limit                    = 86400s
    per_property_time_limit       = 1s * 10 ^ scan
    engine_mode                   = auto
    proofgrid_per_engine_max_jobs = 1
    proofgrid_max_jobs            = 4
    max engine jobs               = auto (max 4)
    proofgrid_mode                = local
    proofgrid_restarts            = 10
0.0.PRE: A proof was found: No trace exists. [0.00 s]
INFO (IPF057): 0.0.PRE: The property "BAUDGEN.assert_check_count_reg" was proven in 0.00 s.
0: Found proofs for 1 properties in preprocessing
0: Using multistage preprocessing
0: Starting reduce
0: Finished reduce in 0.001s
0.0.PRE: Performing Proof Simplification...
0.0.N: clocks: 2, declared: 1, disabling: 0, posedge: 2, negedge: 0, noedge: 0, bothedge: 0
0.0.N: Proof Simplification Iteration 1	[0.00 s]
0.0.N: Proof Simplification Iteration 2	[0.00 s]
0.0.PRE: A proof was found: No trace exists. [0.00 s]
INFO (IPF057): 0.0.PRE: The property ":noDeadEnd" was proven in 0.00 s.
use check_assumptions -show to show this property in the property table
0.0.PRE: A proof was found: No trace exists. [0.00 s]
INFO (IPF057): 0.0.PRE: The property ":noConflict" was proven in 0.00 s.
use check_assumptions -show to show this property in the property table
0.0.PRE: Proof Simplification completed in 0.00 s
0: About to start centralized ProofGrid in its own thread with a limit of 10000 pending notifications and a limit of 10 traces.
0: =============================== ProofGrid start ===============================
0: ProofGrid usable level: 2
0: ProofGrid is starting event handling
0.0.Hp: Proofgrid shell started at 43911@ee-mill3.ee.ic.ac.uk(local) jg_43392_ee-mill3.ee.ic.ac.uk_1
0.0.Hp: clocks: 1, declared: 1, disabling: 0, posedge: 1, negedge: 0, noedge: 0, bothedge: 0
0.0.N: Proofgrid shell started at 43910@ee-mill3.ee.ic.ac.uk(local) jg_43392_ee-mill3.ee.ic.ac.uk_1
0: ProofGrid usable level: 1
0.0.N: clocks: 1, declared: 1, disabling: 0, posedge: 1, negedge: 0, noedge: 0, bothedge: 0
0.0.N: Next scan (0) will use per property time limit: 1s * 10 ^ 0 = 1s
0.0.N: Starting proof for property "BAUDGEN.assert_check_count_reg:precondition1"	[0.00 s].
0.0.N: Trace Attempt  1	[0.00 s]
0.0.N: A trace with 1 cycles was found. [0.00 s]
INFO (IPF047): 0.0.N: The cover property "BAUDGEN.assert_check_count_reg:precondition1" was covered in 1 cycles in 0.02 s.
0.0.N: Stopped processing property "BAUDGEN.assert_check_count_reg:precondition1"	[0.02 s].
0.0.N: Last scan. Per property time limit: 0s
0.0.N: Starting proof for property "BAUDGEN.assert_count_clock_cycles_between_tick"	[0.00 s].
0.0.Hp: Trace Attempt  1	[0.00 s]
0.0.N: Trace Attempt  1	[0.00 s]
0.0.N: Trace Attempt  2	[0.00 s]
0.0.N: Trace Attempt  3	[0.00 s]
0.0.N: Trace Attempt  4	[0.00 s]
0.0.N: Trace Attempt  5	[0.00 s]
0.0.Hp: Trace Attempt  2	[0.01 s]
0.0.Hp: Trace Attempt  3	[0.01 s]
0.0.N: Trace Attempt  1	[0.01 s]
0.0.N: Trace Attempt  2	[0.01 s]
0.0.Hp: Trace Attempt  4	[0.01 s]
0.0.Hp: Trace Attempt  5	[0.01 s]
0.0.N: Trace Attempt  3	[0.01 s]
0.0.N: Trace Attempt  5	[0.01 s]
0.0.B: Proofgrid shell started at 43926@ee-mill3.ee.ic.ac.uk(local) jg_43392_ee-mill3.ee.ic.ac.uk_1
0.0.B: clocks: 1, declared: 1, disabling: 0, posedge: 1, negedge: 0, noedge: 0, bothedge: 0
0.0.B: Last scan. Per property time limit: 0s
0.0.B: Starting proof for property "BAUDGEN.assert_count_clock_cycles_between_tick"	[0.00 s].
0.0.B: Trace Attempt  1	[0.00 s]
0.0.Ht: Proofgrid shell started at 43925@ee-mill3.ee.ic.ac.uk(local) jg_43392_ee-mill3.ee.ic.ac.uk_1
0.0.Ht: clocks: 1, declared: 1, disabling: 0, posedge: 1, negedge: 0, noedge: 0, bothedge: 0
0.0.B: Trace Attempt  2	[0.00 s]
0.0.Ht: Trace Attempt  1	[0.00 s]
0.0.B: Trace Attempt  3	[0.01 s]
0.0.Ht: Trace Attempt  2	[0.00 s]
0.0.Ht: Trace Attempt  3	[0.00 s]
0.0.Ht: Trace Attempt  4	[0.00 s]
0.0.Ht: Trace Attempt  5	[0.00 s]
0.0.N: Requesting engine job to stop
0.0.B: Requesting engine job to stop
0.0.Hp: Requesting engine job to terminate
0.0.Ht: Requesting engine job to terminate
INFO (IPF144): 0: Initiating shutdown of proof [0.03]
0.0.Hp: Trace Attempt 13	[0.03 s]
0.0.Hp: A trace with 13 cycles was found. [0.03 s]
INFO (IPF055): 0.0.Hp: A counterexample (cex) with 13 cycles was found for the property "BAUDGEN.assert_count_clock_cycles_between_tick" in 0.03 s.
0.0.B: Trace Attempt  4	[0.01 s]
0.0.Hp: All properties determined. [0.03 s]
0.0.Ht: Interrupted (multi)
0.0.Ht: Trace Attempt  7	[0.01 s]
0.0.Ht: All properties determined. [0.01 s]
0.0.Hp: Exited with Success (@ 0.03 s)
0: ProofGrid usable level: 0
0.0.Ht: Exited with Success (@ 0.03 s)
0.0.B: Stopped processing property "BAUDGEN.assert_count_clock_cycles_between_tick"	[0.01 s].
0.0.B: All properties determined. [0.01 s]
0.0.N: Stopped processing property "BAUDGEN.assert_count_clock_cycles_between_tick"	[0.01 s].
0.0.N: Trace Attempt 11	[0.02 s]
0.0.N: All properties determined. [0.03 s]
0.0.B: Exited with Success (@ 0.03 s)
0.0.N: Exited with Success (@ 0.03 s)
0: --------------------------------------------------------------
ProofGrid Summary
--------------------------------------------------------------
     engines started                               :   4
     engine jobs started                           :   4

    Average time in state (seconds)
    ------------------------------------------------------
    Engine  Pending     Running        Dead    Utilization
    ------------------------------------------------------
      N        0.03        0.03        0.00       46.67 %
     Hp        0.03        0.03        0.00       51.71 %
     Ht        0.02        0.01        0.00       19.39 %
      B        0.02        0.01        0.00       29.94 %
    all        0.03        0.02        0.00       41.07 %

    Data read    : 4.00 kiB
    Data written : 2.37 kiB

0: ProofGrid usable level: 0
0: All pending notifications were processed.
INFO (IPF059): Completed proof on task: "<embedded>"

==============================================================
SUMMARY
==============================================================
           Properties Considered              : 3
                 assertions                   : 2
                  - proven                    : 1 (50%)
                  - bounded_proven (user)     : 0 (0%)
                  - bounded_proven (auto)     : 0 (0%)
                  - marked_proven             : 0 (0%)
                  - cex                       : 1 (50%)
                  - ar_cex                    : 0 (0%)
                  - undetermined              : 0 (0%)
                  - unknown                   : 0 (0%)
                  - error                     : 0 (0%)
                 covers                       : 1
                  - unreachable               : 0 (0%)
                  - bounded_unreachable (user): 0 (0%)
                  - covered                   : 1 (100%)
                  - ar_covered                : 0 (0%)
                  - undetermined              : 0 (0%)
                  - unknown                   : 0 (0%)
                  - error                     : 0 (0%)
[<embedded>] % visualize -violation -property <embedded>::BAUDGEN.assert_count_clock_cycles_between_tick -new_window
INFO (IVS015): Setting Visualize task to "<embedded>".
INFO (IVS008): Expanding analysis region to enable visualization of "<embedded>::BAUDGEN.assert_count_clock_cycles_between_tick".
cex
INFO (IPL005): Received request to exit from the console.
INFO: Waiting for proof threads to stop...
INFO: Proof threads stopped.
