#----------------------------------------
# JasperGold Version Info
# tool      : JasperGold 2018.06
# platform  : Linux 3.10.0-957.21.3.el7.x86_64
# version   : 2018.06p002 64 bits
# build date: 2018.08.27 18:04:53 PDT
#----------------------------------------
# started Fri Dec 18 00:32:52 GMT 2020
# hostname  : ee-mill3.ee.ic.ac.uk
# pid       : 2340
# arguments : '-label' 'session_0' '-console' 'ee-mill3.ee.ic.ac.uk:42805' '-style' 'windows' '-data' 'AQAAADx/////AAAAAAAAA3oBAAAAEABMAE0AUgBFAE0ATwBWAEU=' '-proj' '/home/tms4517/nfshome/JasperGold/uart_tx/jgproject/sessionLogs/session_0' '-init' '-hidden' '/home/tms4517/nfshome/JasperGold/uart_tx/jgproject/.tmp/.initCmds.tcl' 'uart_tx.tcl'

Any disclosure about the Cadence Design Systems software or its use
model to any third party violates the written Non-Disclosure Agreement
between Cadence Design Systems, Inc. and the customer.

THIS SOFTWARE CONTAINS CONFIDENTIAL INFORMATION AND TRADE SECRETS OF
CADENCE DESIGN SYSTEMS, INC. USE, DISCLOSURE, OR REPRODUCTION IS
PROHIBITED WITHOUT THE PRIOR EXPRESS WRITTEN PERMISSION OF CADENCE
DESIGN SYSTEMS, INC.

Copyright (C) 2000-2018 Cadence Design Systems, Inc. All Rights
Reserved.  Unpublished -- rights reserved under the copyright laws of
the United States.

This product includes software developed by others and redistributed
according to license agreement. See doc/third_party_readme.txt for
further details.

RESTRICTED RIGHTS LEGEND

Use, duplication, or disclosure by the Government is subject to
restrictions as set forth in subparagraph (c) (1) (ii) of the Rights in
Technical Data and Computer Software clause at DFARS 252.227-7013 or
subparagraphs (c) (1) and (2) of Commercial Computer Software -- Restricted
Rights at 48 CFR 52.227-19, as applicable.


                          Cadence Design Systems, Inc. 
                          2655 Seely Avenue
                          San Jose, CA 95134
                          Phone: 408.943.1234

For technical assistance visit http://support.cadence.com.

JasperGold Apps Analysis Session - /home/tms4517/nfshome/JasperGold/uart_tx/jgproject/sessionLogs/session_0

INFO: successfully checked out licenses "jasper_pint" and "jasper_fao".
INFO: reading configuration file "/home/tms4517/.config/jasper/jaspergold.conf".
% # Script for multiplier example in JasperGold
% clear -all
INFO (IPF121): Cleared environment completely for new design analysis.
% analyze -clear
% analyze -sv parity_gen.sv
[-- (VERI-1482)] Analyzing Verilog file '/usr/local/cadence/JASPER_2018.06.002/lib/verilog/packages/std/std.sv' into library 'std'
[-- (VERI-1482)] Analyzing Verilog file 'parity_gen.sv'
[WARN (VERI-1763)] parity_gen.sv(23): the sva directive is not sensitive to clock. The directive will be sampled on the posedge of the fastest clock.
% analyze -sv uart_tx.sv
[-- (VERI-1482)] Analyzing Verilog file 'uart_tx.sv'
% #elaborate -bbox_mul 64 -top parity_generator
% elaborate -bbox_mul 64 -top UART_TX
INFO (ISW003): Top module name is "UART_TX".
[WARN (VERI-2336)] uart_tx.sv(123): variable 'count_tick' may be used before assigned in always_comb or always @* block : might cause synthesis - simulation differences
[WARN (VERI-2336)] uart_tx.sv(141): variable 'count_tick' may be used before assigned in always_comb or always @* block : might cause synthesis - simulation differences
[WARN (VERI-2336)] uart_tx.sv(161): variable 'count_tick' may be used before assigned in always_comb or always @* block : might cause synthesis - simulation differences
[WARN (VERI-2336)] uart_tx.sv(178): variable 'count_tick' may be used before assigned in always_comb or always @* block : might cause synthesis - simulation differences
[INFO (VERI-1018)] uart_tx.sv(38): compiling module 'UART_TX'
[WARN (VERI-1209)] uart_tx.sv(102): expression size 4 truncated to fit in target size 3
[WARN (VERI-1209)] uart_tx.sv(123): expression size 32 truncated to fit in target size 4
[WARN (VERI-1209)] uart_tx.sv(131): expression size 32 truncated to fit in target size 4
[WARN (VERI-1209)] uart_tx.sv(141): expression size 32 truncated to fit in target size 4
[WARN (VERI-1209)] uart_tx.sv(149): expression size 32 truncated to fit in target size 3
[WARN (VERI-1209)] uart_tx.sv(152): expression size 32 truncated to fit in target size 4
[WARN (VERI-1209)] uart_tx.sv(161): expression size 32 truncated to fit in target size 4
[WARN (VERI-1209)] uart_tx.sv(169): expression size 32 truncated to fit in target size 4
[WARN (VERI-1209)] uart_tx.sv(178): expression size 32 truncated to fit in target size 4
[WARN (VERI-1209)] uart_tx.sv(185): expression size 32 truncated to fit in target size 4
[INFO (VERI-1018)] parity_gen.sv(1): compiling module 'parity_generator'
UART_TX
[<embedded>] % 
[<embedded>] % # Setup global clocks and resets
[<embedded>] % clock clk
[<embedded>] % #reset -expression !(rst_n)
[<embedded>] % reset -expression !(resetn)
INFO (IPM031): Clearing proof results of all properties.
INFO (IRS006): Current reset condition is "resetn".
[<embedded>] % 
[<embedded>] % # Setup task
[<embedded>] % task -set <embedded>
<embedded>
[<embedded>] % set_proofgrid_max_jobs 4
[<embedded>] % set_proofgrid_max_local_jobs 4
[<embedded>] % 
[<embedded>] % #cover -name test_cover_from_tcl {@(posedge clk) disable iff (!rst_n) done && ab == 10'd35}
[<embedded>] % prove -bg -task {<embedded>}
background 0
INFO (IPF036): Starting proof on task: "<embedded>", 3 properties to prove with 0 already proven/unreachable
INFO (IRS029): Starting reset analysis: phase 1 of 4.
INFO (IRS030): Running reset analysis: phase 2 of 4.
INFO (IRS031): Running reset analysis: phase 3 of 4.
INFO (IRS020): Starting the reset analysis simulation with a limit of 100 iterations (phase 4 of 4).
INFO (IRS024): Reset iterations 0 to 4 analyzed.
INFO (IRS018): Reset analysis simulation executed for 3 iterations. Assigned values for 24 of 24 design flops, 4 of 4 design latches, 1 of 1 internal elements.
INFO (IRS039): Reset analysis complete.
INFO (IPF031): Settings used for proof thread 0:
    orchestration                 = on (auto)
    time_limit                    = 86400s
    per_property_time_limit       = 1s * 10 ^ scan
    engine_mode                   = auto
    proofgrid_per_engine_max_jobs = 1
    proofgrid_max_jobs            = 4
    max engine jobs               = auto (max 4)
    proofgrid_mode                = local
    proofgrid_restarts            = 10
0: Using multistage preprocessing
0: Starting reduce
0: Finished reduce in 0.001s
0.0.PRE: Performing Proof Simplification...
0.0.N: clocks: 1, declared: 1, disabling: 0, posedge: 1, negedge: 0, noedge: 0, bothedge: 0
0.0.N: Proof Simplification Iteration 1	[0.00 s]
0.0.N: Proof Simplification Iteration 2	[0.00 s]
0.0.N: Proof Simplification Iteration 3	[0.00 s]
0.0.PRE: A proof was found: No trace exists. [0.00 s]
INFO (IPF057): 0.0.PRE: The property ":noDeadEnd" was proven in 0.00 s.
use check_assumptions -show to show this property in the property table
0.0.PRE: A proof was found: No trace exists. [0.00 s]
INFO (IPF057): 0.0.PRE: The property ":noConflict" was proven in 0.00 s.
use check_assumptions -show to show this property in the property table
0.0.PRE: A proof was found: No trace exists. [0.00 s]
INFO (IPF057): 0.0.PRE: The property "UART_TX.gen1._assert_1" was proven in 0.00 s.
0.0.PRE: A proof was found: No trace exists. [0.00 s]
INFO (IPF057): 0.0.PRE: The property "UART_TX.gen1.check_result" was proven in 0.00 s.
0.0.PRE: Proof Simplification completed in 0.01 s
0: About to start centralized ProofGrid in its own thread with a limit of 10000 pending notifications and a limit of 10 traces.
0: =============================== ProofGrid start ===============================
0: ProofGrid usable level: 1
0: ProofGrid is starting event handling
0.0.N: Proofgrid shell started at 4067@ee-mill3.ee.ic.ac.uk(local) jg_2340_ee-mill3.ee.ic.ac.uk_1
0.0.N: clocks: 1, declared: 1, disabling: 0, posedge: 1, negedge: 0, noedge: 0, bothedge: 0
0.0.N: Last scan. Per property time limit: 0s
0.0.N: Starting proof for property "UART_TX.assert_check_tx"	[0.00 s].
0.0.N: Trace Attempt  1	[0.00 s]
0.0.N: Trace Attempt  2	[0.00 s]
0.0.N: Trace Attempt  3	[0.00 s]
0.0.N: Trace Attempt  4	[0.00 s]
0.0.N: Trace Attempt  5	[0.00 s]
0.0.Hp: Proofgrid shell started at 4068@ee-mill3.ee.ic.ac.uk(local) jg_2340_ee-mill3.ee.ic.ac.uk_1
0.0.Hp: clocks: 1, declared: 1, disabling: 0, posedge: 1, negedge: 0, noedge: 0, bothedge: 0
0.0.N: Requesting engine job to stop
0.0.Hp: Requesting engine job to terminate
INFO (IPF144): 0: Initiating shutdown of proof [0.00]
0.0.N: Trace Attempt 10	[0.00 s]
0.0.N: A proof was found: No trace exists. [0.00 s]
INFO (IPF057): 0.0.N: The property "UART_TX.assert_check_tx" was proven in 0.00 s.
0.0.N: Stopped processing property "UART_TX.assert_check_tx"	[0.01 s].
0.0.N: All properties determined. [0.00 s]
0.0.Hp: Interrupted (multi)
0.0.N: Exited with Success (@ 0.00 s)
0: ProofGrid usable level: 0
0.0.Hp: All properties determined. [0.00 s]
0.0.Hp: Exited with Success (@ 0.01 s)
0.0.Ht: Proofgrid shell started at 4081@ee-mill3.ee.ic.ac.uk(local) jg_2340_ee-mill3.ee.ic.ac.uk_1
0.0.Ht: Requesting engine job to terminate
0.0.Ht: Interrupted. [0.00 s]
0.0.B: Proofgrid shell started at 4082@ee-mill3.ee.ic.ac.uk(local) jg_2340_ee-mill3.ee.ic.ac.uk_1
0.0.B: Requesting engine job to terminate
0.0.Ht: Exited with Success (@ 0.02 s)
0.0.B: Interrupted. [0.00 s]
0.0.B: Exited with Success (@ 0.02 s)
0: --------------------------------------------------------------
ProofGrid Summary
--------------------------------------------------------------
     engines started                               :   4
     engine jobs started                           :   4
     times jobs never connected to ProofGrid       :   2
     jobs where 15 minute load exceeded core count :   2

    Average time in state (seconds)
    ------------------------------------------------------
    Engine  Pending     Running        Dead    Utilization
    ------------------------------------------------------
      N        0.03        0.00        0.00       11.32 %
     Hp        0.03        0.00        0.00        4.62 %
     Ht        0.02        0.00        0.00        0.00 %
      B        0.02        0.00        0.00        0.00 %
    all        0.03        0.00        0.00        4.89 %

    Data read    : 1.22 kiB
    Data written : 1.18 kiB

0: ProofGrid usable level: 0
0: All pending notifications were processed.
INFO (IPF059): Completed proof on task: "<embedded>"

==============================================================
SUMMARY
==============================================================
           Properties Considered              : 3
                 assertions                   : 3
                  - proven                    : 3 (100%)
                  - bounded_proven (user)     : 0 (0%)
                  - bounded_proven (auto)     : 0 (0%)
                  - marked_proven             : 0 (0%)
                  - cex                       : 0 (0%)
                  - ar_cex                    : 0 (0%)
                  - undetermined              : 0 (0%)
                  - unknown                   : 0 (0%)
                  - error                     : 0 (0%)
                 covers                       : 0
                  - unreachable               : 0
                  - bounded_unreachable (user): 0
                  - covered                   : 0
                  - ar_covered                : 0
                  - undetermined              : 0
                  - unknown                   : 0
                  - error                     : 0
INFO (IPL005): Received request to exit from the console.
INFO: Waiting for proof threads to stop...
INFO: Proof threads stopped.
